0 info it worked if it ends with ok
1 verbose cli [ '/usr/bin/node', '/usr/bin/npm', 'run', 'watch' ]
2 info using npm@3.10.10
3 info using node@v6.11.3
4 verbose stack Error: ENOENT: no such file or directory, open '/workspace/crime-data-api/package.json'
4 verbose stack     at Error (native)
5 verbose cwd /workspace/crime-data-api
6 error Linux 3.10.0-693.2.2.el7.x86_64
7 error argv "/usr/bin/node" "/usr/bin/npm" "run" "watch"
8 error node v6.11.3
9 error npm  v3.10.10
10 error path /workspace/crime-data-api/package.json
11 error code ENOENT
12 error errno -2
13 error syscall open
14 error enoent ENOENT: no such file or directory, open '/workspace/crime-data-api/package.json'
15 error enoent ENOENT: no such file or directory, open '/workspace/crime-data-api/package.json'
15 error enoent This is most likely not a problem with npm itself
15 error enoent and is related to npm not being able to find a file.
16 verbose exit [ -2, true ]
